<?xml version="1.0" encoding="UTF-8"?>
<testsuite xmlns:xsi="http://www.w3.org/2001/XMLSchema-instance" xsi:noNamespaceSchemaLocation="https://maven.apache.org/surefire/maven-surefire-plugin/xsd/surefire-test-report.xsd" name="TestSuite" time="146.431" tests="6" errors="0" skipped="0" failures="1">
  <properties>
[...]
</properties>
  <testcase name="goToServices" classname="com.polymathlab.tests.NavigationTests" time="12.164"/>
  <testcase name="gotoCompetencies" classname="com.polymathlab.tests.NavigationTests" time="12.26"/>
  <testcase name="goToBlog" classname="com.polymathlab.tests.NavigationTests" time="11.063"/>
  <testcase name="goToAbout" classname="com.polymathlab.tests.NavigationTests" time="10.696"/>
  <testcase name="goToContactUS" classname="com.polymathlab.tests.NavigationTests" time="10.376"/>
  <testcase name="verifyBlogLinks" classname="com.polymathlab.tests.OtherTests" time="11.3">
    <failure type="java.lang.NullPointerException">java.lang.NullPointerException
	at com.polymathlab.tests.OtherTests.verifyBlogLinks(OtherTests.java:55)
</failure>
    <system-out><![CDATA[2020-05-19 18:09:42.250          ========================================================================================
2020-05-19 18:09:42.250          ========================================================================================
2020-05-19 18:09:42.251          --------------------------       END OF TEST CASE        -------------------------------
2020-05-19 18:09:42.251          ========================================================================================
2020-05-19 18:09:42.251          ========================================================================================
2020-05-19 18:09:42.992          --------------------------          Closing Browser
2020-05-19 18:09:43.000          --------------------------          Opening PolymathLabs Page
2020-05-19 18:09:52.412          ========================================================================================
2020-05-19 18:09:52.413          ========================================================================================
2020-05-19 18:09:52.413          --------------------------       START OF TEST CASE        -----------------------------
2020-05-19 18:09:52.413          ========================================================================================
2020-05-19 18:09:52.413          ========================================================================================
2020-05-19 18:10:02.973          --------------------------          User was SUCCESSFULLY redirected to [https://www.polymathlabs.co/blog] option
I am in onTestFailure method verifyBlogLinks failed
Screenshot captured for test case:verifyBlogLinks
]]></system-out>
    <system-err><![CDATA[[main] INFO io.github.bonigarcia.wdm.WebDriverManager - Using chromedriver 81.0.4044.138 (since Google Chrome 81 is installed in your machine)
[main] INFO io.github.bonigarcia.wdm.WebDriverManager - Exporting webdriver.chrome.driver as C:\Users\vicki\.m2\repository\webdriver\chromedriver\win32\81.0.4044.138\chromedriver.exe
Starting ChromeDriver 81.0.4044.138 (8c6c7ba89cc9453625af54f11fd83179e23450fa-refs/branch-heads/4044@{#999}) on port 17758
Only local connections are allowed.
Please protect ports used by ChromeDriver and related test frameworks to prevent access by malicious code.
May 19, 2020 6:09:46 PM org.openqa.selenium.remote.ProtocolHandshake createSession
INFO: Detected dialect: W3C
[1589904589.222][SEVERE]: Timed out receiving message from renderer: 0.100
[1589904589.411][SEVERE]: Timed out receiving message from renderer: 0.100
[1589904589.966][SEVERE]: Timed out receiving message from renderer: 0.100
[1589904590.526][SEVERE]: Timed out receiving message from renderer: 0.100
[1589904590.631][SEVERE]: Timed out receiving message from renderer: 0.100
[1589904590.740][SEVERE]: Timed out receiving message from renderer: 0.100
[1589904590.842][SEVERE]: Timed out receiving message from renderer: 0.100
[1589904590.944][SEVERE]: Timed out receiving message from renderer: 0.100
[1589904591.055][SEVERE]: Timed out receiving message from renderer: 0.100
[1589904591.183][SEVERE]: Timed out receiving message from renderer: 0.100
[1589904591.286][SEVERE]: Timed out receiving message from renderer: 0.100
[1589904591.407][SEVERE]: Timed out receiving message from renderer: 0.100
[1589904591.515][SEVERE]: Timed out receiving message from renderer: 0.100
[1589904591.648][SEVERE]: Timed out receiving message from renderer: 0.100
[1589904591.761][SEVERE]: Timed out receiving message from renderer: 0.100
[1589904592.061][SEVERE]: Timed out receiving message from renderer: 0.100
[1589904592.392][SEVERE]: Timed out receiving message from renderer: 0.100
]]></system-err>
  </testcase>
</testsuite>