<?xml version="1.0" encoding="UTF-8"?>
<testng-results ignored="0" total="6" passed="5" failed="1" skipped="0">
  <reporter-output>
  </reporter-output>
  <suite started-at="2020-05-19T18:07:42 CEST" name="TestNg" finished-at="2020-05-19T18:10:04 CEST" duration-ms="141725">
    <groups>
    </groups>
    <test started-at="2020-05-19T18:07:42 CEST" name="Test run" finished-at="2020-05-19T18:10:04 CEST" duration-ms="141725">
      <class name="com.polymathlab.tests.NavigationTests">
        <test-method is-config="true" signature="initialize()[pri:0, instance:com.polymathlab.tests.NavigationTests@48ea2003]" started-at="2020-05-19T18:07:42 CEST" name="initialize" finished-at="2020-05-19T18:08:02 CEST" duration-ms="19206" status="PASS">
          <reporter-output>
          </reporter-output>
        </test-method> <!-- initialize -->
        <test-method signature="goToServices()[pri:1, instance:com.polymathlab.tests.NavigationTests@48ea2003]" started-at="2020-05-19T18:08:02 CEST" name="goToServices" description="Go to Services page" finished-at="2020-05-19T18:08:14 CEST" duration-ms="12152" status="PASS">
          <reporter-output>
          </reporter-output>
        </test-method> <!-- goToServices -->
        <test-method is-config="true" signature="cleanUp()[pri:0, instance:com.polymathlab.tests.NavigationTests@48ea2003]" started-at="2020-05-19T18:08:14 CEST" name="cleanUp" finished-at="2020-05-19T18:08:15 CEST" duration-ms="695" status="PASS">
          <reporter-output>
          </reporter-output>
        </test-method> <!-- cleanUp -->
        <test-method is-config="true" signature="initialize()[pri:0, instance:com.polymathlab.tests.NavigationTests@48ea2003]" started-at="2020-05-19T18:08:15 CEST" name="initialize" finished-at="2020-05-19T18:08:26 CEST" duration-ms="10469" status="PASS">
          <reporter-output>
          </reporter-output>
        </test-method> <!-- initialize -->
        <test-method signature="gotoCompetencies()[pri:2, instance:com.polymathlab.tests.NavigationTests@48ea2003]" started-at="2020-05-19T18:08:26 CEST" name="gotoCompetencies" description="Go to Competencies page" finished-at="2020-05-19T18:08:38 CEST" duration-ms="12267" status="PASS">
          <reporter-output>
          </reporter-output>
        </test-method> <!-- gotoCompetencies -->
        <test-method is-config="true" signature="cleanUp()[pri:0, instance:com.polymathlab.tests.NavigationTests@48ea2003]" started-at="2020-05-19T18:08:38 CEST" name="cleanUp" finished-at="2020-05-19T18:08:39 CEST" duration-ms="701" status="PASS">
          <reporter-output>
          </reporter-output>
        </test-method> <!-- cleanUp -->
        <test-method is-config="true" signature="initialize()[pri:0, instance:com.polymathlab.tests.NavigationTests@48ea2003]" started-at="2020-05-19T18:08:39 CEST" name="initialize" finished-at="2020-05-19T18:08:48 CEST" duration-ms="9931" status="PASS">
          <reporter-output>
          </reporter-output>
        </test-method> <!-- initialize -->
        <test-method signature="goToBlog()[pri:3, instance:com.polymathlab.tests.NavigationTests@48ea2003]" started-at="2020-05-19T18:08:49 CEST" name="goToBlog" description="Go to Blog page" finished-at="2020-05-19T18:09:00 CEST" duration-ms="11063" status="PASS">
          <reporter-output>
          </reporter-output>
        </test-method> <!-- goToBlog -->
        <test-method is-config="true" signature="cleanUp()[pri:0, instance:com.polymathlab.tests.NavigationTests@48ea2003]" started-at="2020-05-19T18:09:00 CEST" name="cleanUp" finished-at="2020-05-19T18:09:00 CEST" duration-ms="760" status="PASS">
          <reporter-output>
          </reporter-output>
        </test-method> <!-- cleanUp -->
        <test-method is-config="true" signature="initialize()[pri:0, instance:com.polymathlab.tests.NavigationTests@48ea2003]" started-at="2020-05-19T18:09:00 CEST" name="initialize" finished-at="2020-05-19T18:09:10 CEST" duration-ms="9521" status="PASS">
          <reporter-output>
          </reporter-output>
        </test-method> <!-- initialize -->
        <test-method signature="goToAbout()[pri:4, instance:com.polymathlab.tests.NavigationTests@48ea2003]" started-at="2020-05-19T18:09:10 CEST" name="goToAbout" description="Go to About page" finished-at="2020-05-19T18:09:21 CEST" duration-ms="10709" status="PASS">
          <reporter-output>
          </reporter-output>
        </test-method> <!-- goToAbout -->
        <test-method is-config="true" signature="cleanUp()[pri:0, instance:com.polymathlab.tests.NavigationTests@48ea2003]" started-at="2020-05-19T18:09:21 CEST" name="cleanUp" finished-at="2020-05-19T18:09:22 CEST" duration-ms="917" status="PASS">
          <reporter-output>
          </reporter-output>
        </test-method> <!-- cleanUp -->
        <test-method is-config="true" signature="initialize()[pri:0, instance:com.polymathlab.tests.NavigationTests@48ea2003]" started-at="2020-05-19T18:09:22 CEST" name="initialize" finished-at="2020-05-19T18:09:31 CEST" duration-ms="9812" status="PASS">
          <reporter-output>
          </reporter-output>
        </test-method> <!-- initialize -->
        <test-method signature="goToContactUS()[pri:5, instance:com.polymathlab.tests.NavigationTests@48ea2003]" started-at="2020-05-19T18:09:31 CEST" name="goToContactUS" description="Go to Contact us page" finished-at="2020-05-19T18:09:42 CEST" duration-ms="10379" status="PASS">
          <reporter-output>
          </reporter-output>
        </test-method> <!-- goToContactUS -->
        <test-method is-config="true" signature="cleanUp()[pri:0, instance:com.polymathlab.tests.NavigationTests@48ea2003]" started-at="2020-05-19T18:09:42 CEST" name="cleanUp" finished-at="2020-05-19T18:09:42 CEST" duration-ms="742" status="PASS">
          <reporter-output>
          </reporter-output>
        </test-method> <!-- cleanUp -->
      </class> <!-- com.polymathlab.tests.NavigationTests -->
      <class name="com.polymathlab.tests.OtherTests">
        <test-method is-config="true" signature="initialize()[pri:0, instance:com.polymathlab.tests.OtherTests@6b1e7ad3]" started-at="2020-05-19T18:09:42 CEST" name="initialize" finished-at="2020-05-19T18:09:52 CEST" duration-ms="9417" status="PASS">
          <reporter-output>
          </reporter-output>
        </test-method> <!-- initialize -->
        <test-method signature="verifyBlogLinks()[pri:1, instance:com.polymathlab.tests.OtherTests@6b1e7ad3]" started-at="2020-05-19T18:09:52 CEST" name="verifyBlogLinks" description="Verify blog links work properly" finished-at="2020-05-19T18:10:02 CEST" duration-ms="10464" status="FAIL">
          <exception class="java.lang.NullPointerException">
            <full-stacktrace>
              <![CDATA[java.lang.NullPointerException
at com.polymathlab.tests.OtherTests.verifyBlogLinks(OtherTests.java:55)
at java.base/jdk.internal.reflect.NativeMethodAccessorImpl.invoke0(Native Method)
at java.base/jdk.internal.reflect.NativeMethodAccessorImpl.invoke(NativeMethodAccessorImpl.java:62)
at java.base/jdk.internal.reflect.DelegatingMethodAccessorImpl.invoke(DelegatingMethodAccessorImpl.java:43)
at java.base/java.lang.reflect.Method.invoke(Method.java:567)
at org.testng.internal.MethodInvocationHelper.invokeMethod(MethodInvocationHelper.java:133)
at org.testng.internal.TestInvoker.invokeMethod(TestInvoker.java:584)
at org.testng.internal.TestInvoker.invokeTestMethod(TestInvoker.java:172)
at org.testng.internal.MethodRunner.runInSequence(MethodRunner.java:46)
at org.testng.internal.TestInvoker$MethodInvocationAgent.invoke(TestInvoker.java:804)
at org.testng.internal.TestInvoker.invokeTestMethods(TestInvoker.java:145)
at org.testng.internal.TestMethodWorker.invokeTestMethods(TestMethodWorker.java:146)
at org.testng.internal.TestMethodWorker.run(TestMethodWorker.java:128)
at java.base/java.util.ArrayList.forEach(ArrayList.java:1540)
at org.testng.TestRunner.privateRun(TestRunner.java:770)
at org.testng.TestRunner.run(TestRunner.java:591)
at org.testng.SuiteRunner.runTest(SuiteRunner.java:402)
at org.testng.SuiteRunner.runSequentially(SuiteRunner.java:396)
at org.testng.SuiteRunner.privateRun(SuiteRunner.java:355)
at org.testng.SuiteRunner.run(SuiteRunner.java:304)
at org.testng.SuiteRunnerWorker.runSuite(SuiteRunnerWorker.java:53)
at org.testng.SuiteRunnerWorker.run(SuiteRunnerWorker.java:96)
at org.testng.TestNG.runSuitesSequentially(TestNG.java:1180)
at org.testng.TestNG.runSuitesLocally(TestNG.java:1102)
at org.testng.TestNG.runSuites(TestNG.java:1032)
at org.testng.TestNG.run(TestNG.java:1000)
at org.apache.maven.surefire.testng.TestNGExecutor.run(TestNGExecutor.java:283)
at org.apache.maven.surefire.testng.TestNGXmlTestSuite.execute(TestNGXmlTestSuite.java:75)
at org.apache.maven.surefire.testng.TestNGProvider.invoke(TestNGProvider.java:120)
at org.apache.maven.surefire.booter.ForkedBooter.invokeProviderInSameClassLoader(ForkedBooter.java:384)
at org.apache.maven.surefire.booter.ForkedBooter.runSuitesInProcess(ForkedBooter.java:345)
at org.apache.maven.surefire.booter.ForkedBooter.execute(ForkedBooter.java:126)
at org.apache.maven.surefire.booter.ForkedBooter.main(ForkedBooter.java:418)
]]>
            </full-stacktrace>
          </exception> <!-- java.lang.NullPointerException -->
          <reporter-output>
          </reporter-output>
        </test-method> <!-- verifyBlogLinks -->
        <test-method is-config="true" signature="cleanUp()[pri:0, instance:com.polymathlab.tests.OtherTests@6b1e7ad3]" started-at="2020-05-19T18:10:03 CEST" name="cleanUp" finished-at="2020-05-19T18:10:04 CEST" duration-ms="647" status="PASS">
          <reporter-output>
          </reporter-output>
        </test-method> <!-- cleanUp -->
      </class> <!-- com.polymathlab.tests.OtherTests -->
    </test> <!-- Test run -->
  </suite> <!-- TestNg -->
</testng-results>
