<?xml version="1.0" encoding="UTF-8"?>
<!-- Generated by org.testng.reporters.JUnitXMLReporter -->
<testsuite ignored="0" hostname="DESKTOP-DRMF9R6" failures="1" tests="6" name="Test run" time="141.725" errors="0" timestamp="2020-05-19T18:10:04 CEST">
  <testcase classname="com.polymathlab.tests.NavigationTests" name="goToServices" time="12.152"/>
  <testcase classname="com.polymathlab.tests.NavigationTests" name="gotoCompetencies" time="12.267"/>
  <testcase classname="com.polymathlab.tests.NavigationTests" name="goToBlog" time="11.063"/>
  <testcase classname="com.polymathlab.tests.NavigationTests" name="goToAbout" time="10.709"/>
  <testcase classname="com.polymathlab.tests.NavigationTests" name="goToContactUS" time="10.379"/>
  <testcase classname="com.polymathlab.tests.OtherTests" name="verifyBlogLinks" time="10.464">
    <failure type="java.lang.NullPointerException">
      <![CDATA[java.lang.NullPointerException
at com.polymathlab.tests.OtherTests.verifyBlogLinks(OtherTests.java:55)
at java.base/java.util.ArrayList.forEach(ArrayList.java:1540)
... Removed 31 stack frames]]>
    </failure>
  </testcase> <!-- verifyBlogLinks -->
</testsuite> <!-- Test run -->
